app/build/intermediates/manifest_merge_blame_file/debug/manifest-merger-blame-debug-report.txt
1<?xml version="1.0" encoding="utf-8"?>
2<manifest xmlns:android="http://schemas.android.com/apk/res/android"
3    package="com.example.websocketchattest"
4    android:versionCode="1"
5    android:versionName="1.0" >
6
7    <uses-sdk
8        android:minSdkVersion="19"
8-->src\main\AndroidManifest.xml
9        android:targetSdkVersion="30" />
9-->src\main\AndroidManifest.xml
10
11    <uses-permission android:name="android.permission.INTERNET" />
11-->src\main\AndroidManifest.xml:6:5-67
11-->src\main\AndroidManifest.xml:6:22-64
12
13    <application
13-->src\main\AndroidManifest.xml:8:5-25:19
14        android:name="com.example.websocketchattest.application.App"
14-->src\main\AndroidManifest.xml:15:9-40
15        android:allowBackup="true"
15-->src\main\AndroidManifest.xml:9:9-35
16        android:appComponentFactory="androidx.core.app.CoreComponentFactory"
16-->[androidx.core:core:1.3.2] AndroidManifest.xml:24:18-86
17        android:debuggable="true"
18        android:icon="@mipmap/ic_launcher"
18-->src\main\AndroidManifest.xml:10:9-43
19        android:label="@string/app_name"
19-->src\main\AndroidManifest.xml:11:9-41
20        android:roundIcon="@mipmap/ic_launcher_round"
20-->src\main\AndroidManifest.xml:12:9-54
21        android:supportsRtl="true"
21-->src\main\AndroidManifest.xml:13:9-35
22        android:testOnly="true"
23        android:theme="@style/Theme.WebSocketChatTest"
23-->src\main\AndroidManifest.xml:14:9-55
24        android:usesCleartextTraffic="true" >
24-->src\main\AndroidManifest.xml:16:9-44
25        <activity android:name="com.example.websocketchattest.ui.activity.MainActivity" >
25-->src\main\AndroidManifest.xml:18:9-24:20
25-->src\main\AndroidManifest.xml:18:19-59
26            <intent-filter>
26-->src\main\AndroidManifest.xml:19:13-23:29
27                <action android:name="android.intent.action.MAIN" />
27-->src\main\AndroidManifest.xml:20:17-69
27-->src\main\AndroidManifest.xml:20:25-66
28
29                <category android:name="android.intent.category.LAUNCHER" />
29-->src\main\AndroidManifest.xml:22:17-77
29-->src\main\AndroidManifest.xml:22:27-74
30            </intent-filter>
31        </activity>
32
33        <provider
33-->[androidx.lifecycle:lifecycle-process:2.0.0] AndroidManifest.xml:23:9-27:43
34            android:name="androidx.lifecycle.ProcessLifecycleOwnerInitializer"
34-->[androidx.lifecycle:lifecycle-process:2.0.0] AndroidManifest.xml:24:13-79
35            android:authorities="com.example.websocketchattest.lifecycle-process"
35-->[androidx.lifecycle:lifecycle-process:2.0.0] AndroidManifest.xml:25:13-69
36            android:exported="false"
36-->[androidx.lifecycle:lifecycle-process:2.0.0] AndroidManifest.xml:26:13-37
37            android:multiprocess="true" />
37-->[androidx.lifecycle:lifecycle-process:2.0.0] AndroidManifest.xml:27:13-40
38    </application>
39
40</manifest>